2022-06-04 00:07:59,939 - cineplex_scraper - INFO - 2538 - downloading #1:  https://store.cineplex.com/Product/the-lost-city .......
2022-06-04 00:08:05,795 - cineplex_scraper - INFO - 2538 - downloading #2:  https://store.cineplex.com/Product/uncharted .......
2022-06-04 00:08:11,622 - cineplex_scraper - INFO - 2538 - downloading #3:  https://store.cineplex.com/Product/umma .......
2022-06-04 00:08:17,539 - cineplex_scraper - INFO - 2538 - downloading #4:  https://store.cineplex.com/Product/dog .......
2022-06-04 00:08:23,327 - cineplex_scraper - INFO - 2538 - downloading #5:  https://store.cineplex.com/Product/9-bullets .......
2022-06-04 00:08:29,242 - cineplex_scraper - INFO - 2538 - downloading #6:  https://store.cineplex.com/Product/studio-666 .......
2022-06-04 00:08:35,573 - cineplex_scraper - INFO - 2538 - downloading #7:  https://store.cineplex.com/Product/marry-me .......
2022-06-04 00:08:41,622 - cineplex_scraper - INFO - 2538 - downloading #8:  https://store.cineplex.com/Product/dc-showcase-constantine---the-house-of-mystery .......
2022-06-04 00:08:47,534 - cineplex_scraper - INFO - 2538 - downloading #9:  https://store.cineplex.com/Product/spider-man-all-roads-lead-to-no-way-home .......
2022-06-04 00:08:53,642 - cineplex_scraper - INFO - 2538 - downloading #10:  https://store.cineplex.com/Product/jackass-forever .......
2022-06-04 00:08:59,969 - cineplex_scraper - INFO - 2538 - downloading #11:  https://store.cineplex.com/Product/sing-2 .......
2022-06-04 00:09:06,130 - cineplex_scraper - INFO - 2538 - downloading #12:  https://store.cineplex.com/Product/ghostbusters-afterlife .......
2022-06-04 00:09:12,256 - cineplex_scraper - INFO - 2538 - downloading #13:  https://store.cineplex.com/Product/the-cursed .......
2022-06-04 00:09:18,258 - cineplex_scraper - INFO - 2538 - downloading #14:  https://store.cineplex.com/Product/spider-man-no-way-home .......
2022-06-04 00:09:24,070 - cineplex_scraper - INFO - 2538 - downloading #15:  https://store.cineplex.com/Product/nitram .......
2022-06-04 00:09:30,782 - cineplex_scraper - INFO - 2538 - downloading #16:  https://store.cineplex.com/Product/death-on-the-nile .......
2022-06-04 00:09:37,391 - cineplex_scraper - INFO - 2538 - downloading #17:  https://store.cineplex.com/Product/house-of-gucci .......
2022-06-04 00:09:43,748 - cineplex_scraper - INFO - 2538 - downloading #18:  https://store.cineplex.com/Product/no-time-to-die803354 .......
2022-06-04 00:09:49,783 - cineplex_scraper - INFO - 2538 - downloading #19:  https://store.cineplex.com/Product/venom-let-there-be-carnage .......
2022-06-04 00:09:58,819 - cineplex_scraper - INFO - 2538 - downloading #20:  https://store.cineplex.com/Product/fantastic-beasts-the-crimes-of-grindelwald .......
2022-06-04 00:10:04,841 - cineplex_scraper - INFO - 2538 - downloading #21:  https://store.cineplex.com/Product/scream-2022 .......
2022-06-04 00:10:10,914 - cineplex_scraper - INFO - 2538 - downloading #22:  https://store.cineplex.com/Product/sonic-the-hedgehog .......
2022-06-04 00:10:17,081 - cineplex_scraper - INFO - 2538 - downloading #23:  https://store.cineplex.com/Product/fantastic-beasts-and-where-to-find-them .......
2022-06-04 00:10:23,424 - cineplex_scraper - INFO - 2538 - downloading #24:  https://store.cineplex.com/Product/clifford-the-big-red-dog .......
2022-06-04 00:10:29,431 - cineplex_scraper - INFO - 2538 - downloading #25:  https://store.cineplex.com/Product/the-king-s-daughter .......
2022-06-04 00:10:35,372 - cineplex_scraper - INFO - 2538 - downloading #26:  https://store.cineplex.com/Product/cyrano .......
2022-06-04 00:10:41,301 - cineplex_scraper - INFO - 2538 - downloading #27:  https://store.cineplex.com/Product/nightmare-alley .......
2022-06-04 00:10:47,329 - cineplex_scraper - INFO - 2538 - downloading #28:  https://store.cineplex.com/Product/the-kings-man .......
2022-06-04 00:10:53,382 - cineplex_scraper - INFO - 2538 - downloading #29:  https://store.cineplex.com/Product/redeeming-love .......
2022-06-04 00:10:59,571 - cineplex_scraper - INFO - 2538 - downloading #30:  https://store.cineplex.com/Product/f9-the-fast-saga .......
2022-06-04 00:11:05,859 - cineplex_scraper - INFO - 2538 - downloading #31:  https://store.cineplex.com/Product/old .......
2022-06-04 00:11:11,912 - cineplex_scraper - INFO - 2538 - downloading #32:  https://store.cineplex.com/Product/the-wolf-and-the-lion .......
2022-06-04 00:11:18,071 - cineplex_scraper - INFO - 2538 - downloading #33:  https://store.cineplex.com/Product/the-355 .......
2022-06-04 00:11:24,128 - cineplex_scraper - INFO - 2538 - downloading #34:  https://store.cineplex.com/Product/blacklight .......
2022-06-04 00:11:30,149 - cineplex_scraper - INFO - 2538 - downloading #35:  https://store.cineplex.com/Product/licorice-pizza .......
2022-06-04 00:11:36,935 - cineplex_scraper - INFO - 2538 - downloading #36:  https://store.cineplex.com/Product/encanto .......
2022-06-04 00:11:42,217 - cineplex_scraper - INFO - 2538 - Successfully scrapped the top 36 rental movies
2022-06-04 00:11:42,370 - cineplex_scraper - INFO - 2538 - Successfully saved cineplex data to DBFS storage
2022-06-04 00:11:43,457 - cineplex_scraper - INFO - 2538 - Searching for corresponding 'imdb_id' for the title: tt13320622
2022-06-04 00:11:43,964 - cineplex_scraper - INFO - 2538 - Searching for corresponding 'imdb_id' for the title: tt1464335
2022-06-04 00:11:44,163 - cineplex_scraper - INFO - 2538 - Searching for corresponding 'imdb_id' for the title: tt13235822
2022-06-04 00:11:44,263 - cineplex_scraper - INFO - 2538 - Searching for corresponding 'imdb_id' for the title: tt11252248
2022-06-04 00:11:44,359 - cineplex_scraper - INFO - 2538 - Searching for corresponding 'imdb_id' for the title: tt13680520
2022-06-04 00:11:44,829 - cineplex_scraper - INFO - 2538 - Searching for corresponding 'imdb_id' for the title: tt15374070
2022-06-04 00:11:44,947 - cineplex_scraper - INFO - 2538 - Searching for corresponding 'imdb_id' for the title: tt10223460
2022-06-04 00:11:45,097 - cineplex_scraper - INFO - 2538 - Searching for corresponding 'imdb_id' for the title: tt18305072
2022-06-04 00:11:45,307 - cineplex_scraper - INFO - 2538 - Searching for corresponding 'imdb_id' for the title: None
2022-06-04 00:11:45,382 - cineplex_scraper - INFO - 2538 - Searching for corresponding 'imdb_id' for the title: tt11466222
2022-06-04 00:11:45,615 - cineplex_scraper - INFO - 2538 - Searching for corresponding 'imdb_id' for the title: tt6467266
2022-06-04 00:11:45,793 - cineplex_scraper - INFO - 2538 - Searching for corresponding 'imdb_id' for the title: tt4513678
2022-06-04 00:11:45,984 - cineplex_scraper - INFO - 2538 - Searching for corresponding 'imdb_id' for the title: tt9907782
2022-06-04 00:11:46,195 - cineplex_scraper - INFO - 2538 - Searching for corresponding 'imdb_id' for the title: tt10872600
2022-06-04 00:11:46,344 - cineplex_scraper - INFO - 2538 - Searching for corresponding 'imdb_id' for the title: tt13694628
2022-06-04 00:11:46,424 - cineplex_scraper - INFO - 2538 - Searching for corresponding 'imdb_id' for the title: tt7657566
2022-06-04 00:11:46,522 - cineplex_scraper - INFO - 2538 - Searching for corresponding 'imdb_id' for the title: tt11214590
2022-06-04 00:11:46,660 - cineplex_scraper - INFO - 2538 - Searching for corresponding 'imdb_id' for the title: tt2382320
2022-06-04 00:11:46,836 - cineplex_scraper - INFO - 2538 - Searching for corresponding 'imdb_id' for the title: tt7097896
2022-06-04 00:11:46,910 - cineplex_scraper - INFO - 2538 - Searching for corresponding 'imdb_id' for the title: tt4123430
2022-06-04 00:11:47,098 - cineplex_scraper - INFO - 2538 - Searching for corresponding 'imdb_id' for the title: tt11245972
2022-06-04 00:11:47,195 - cineplex_scraper - INFO - 2538 - Searching for corresponding 'imdb_id' for the title: tt12412888
2022-06-04 00:11:47,346 - cineplex_scraper - INFO - 2538 - Searching for corresponding 'imdb_id' for the title: tt3183660
2022-06-04 00:11:47,508 - cineplex_scraper - INFO - 2538 - Searching for corresponding 'imdb_id' for the title: tt2397461
2022-06-04 00:11:47,580 - cineplex_scraper - INFO - 2538 - Searching for corresponding 'imdb_id' for the title: tt2328678
2022-06-04 00:11:47,835 - cineplex_scraper - INFO - 2538 - Searching for corresponding 'imdb_id' for the title: tt12889404
2022-06-04 00:11:47,918 - cineplex_scraper - INFO - 2538 - Searching for corresponding 'imdb_id' for the title: tt7740496
2022-06-04 00:11:48,107 - cineplex_scraper - INFO - 2538 - Searching for corresponding 'imdb_id' for the title: tt6856242
2022-06-04 00:11:48,191 - cineplex_scraper - INFO - 2538 - Searching for corresponding 'imdb_id' for the title: tt11365186
2022-06-04 00:11:48,381 - cineplex_scraper - INFO - 2538 - Searching for corresponding 'imdb_id' for the title: tt5433138
2022-06-04 00:11:48,466 - cineplex_scraper - INFO - 2538 - Searching for corresponding 'imdb_id' for the title: tt10954652
2022-06-04 00:11:48,542 - cineplex_scraper - INFO - 2538 - Searching for corresponding 'imdb_id' for the title: tt10945288
2022-06-04 00:11:48,617 - cineplex_scraper - INFO - 2538 - Searching for corresponding 'imdb_id' for the title: tt8356942
2022-06-04 00:11:48,715 - cineplex_scraper - INFO - 2538 - Searching for corresponding 'imdb_id' for the title: tt14060094
2022-06-04 00:11:48,897 - cineplex_scraper - INFO - 2538 - Searching for corresponding 'imdb_id' for the title: tt11271038
2022-06-04 00:11:49,072 - cineplex_scraper - INFO - 2538 - Searching for corresponding 'imdb_id' for the title: tt2953050
2022-06-04 00:11:49,621 - cineplex_scraper - INFO - 2538 - Searching for corresponding 'imdb_id' for the synopsis: tt13320622
2022-06-04 00:13:28,424 - cineplex_scraper - INFO - 2538 - Searching for corresponding 'imdb_id' for the synopsis: tt13320622
2022-06-04 00:13:28,812 - cineplex_scraper - INFO - 2538 - Searching for corresponding 'imdb_id' for the synopsis: tt1464335
2022-06-04 00:13:29,082 - cineplex_scraper - INFO - 2538 - Searching for corresponding 'imdb_id' for the synopsis: tt13235822
2022-06-04 00:13:29,389 - cineplex_scraper - INFO - 2538 - Searching for corresponding 'imdb_id' for the synopsis: tt11252248
2022-06-04 00:13:29,693 - cineplex_scraper - INFO - 2538 - Searching for corresponding 'imdb_id' for the synopsis: tt13680520
2022-06-04 00:13:29,955 - cineplex_scraper - INFO - 2538 - Searching for corresponding 'imdb_id' for the synopsis: tt15374070
2022-06-04 00:13:30,255 - cineplex_scraper - INFO - 2538 - Searching for corresponding 'imdb_id' for the synopsis: tt10223460
2022-06-04 00:13:30,500 - cineplex_scraper - INFO - 2538 - Searching for corresponding 'imdb_id' for the synopsis: tt18305072
2022-06-04 00:13:30,799 - cineplex_scraper - INFO - 2538 - Searching for corresponding 'imdb_id' for the synopsis: None
2022-06-04 00:13:31,084 - cineplex_scraper - INFO - 2538 - Searching for corresponding 'imdb_id' for the synopsis: tt11466222
2022-06-04 00:13:31,309 - cineplex_scraper - INFO - 2538 - Searching for corresponding 'imdb_id' for the synopsis: tt6467266
2022-06-04 00:13:31,645 - cineplex_scraper - INFO - 2538 - Searching for corresponding 'imdb_id' for the synopsis: tt4513678
2022-06-04 00:13:31,875 - cineplex_scraper - INFO - 2538 - Searching for corresponding 'imdb_id' for the synopsis: tt9907782
2022-06-04 00:13:32,239 - cineplex_scraper - INFO - 2538 - Searching for corresponding 'imdb_id' for the synopsis: tt10872600
2022-06-04 00:13:32,475 - cineplex_scraper - INFO - 2538 - Searching for corresponding 'imdb_id' for the synopsis: tt13694628
2022-06-04 00:13:32,795 - cineplex_scraper - INFO - 2538 - Searching for corresponding 'imdb_id' for the synopsis: tt7657566
2022-06-04 00:13:33,102 - cineplex_scraper - INFO - 2538 - Searching for corresponding 'imdb_id' for the synopsis: tt11214590
2022-06-04 00:13:33,396 - cineplex_scraper - INFO - 2538 - Searching for corresponding 'imdb_id' for the synopsis: tt2382320
2022-06-04 00:13:33,620 - cineplex_scraper - INFO - 2538 - Searching for corresponding 'imdb_id' for the synopsis: tt7097896
2022-06-04 00:13:33,890 - cineplex_scraper - INFO - 2538 - Searching for corresponding 'imdb_id' for the synopsis: tt4123430
2022-06-04 00:13:34,104 - cineplex_scraper - INFO - 2538 - Searching for corresponding 'imdb_id' for the synopsis: tt11245972
2022-06-04 00:13:34,329 - cineplex_scraper - INFO - 2538 - Searching for corresponding 'imdb_id' for the synopsis: tt12412888
2022-06-04 00:13:34,596 - cineplex_scraper - INFO - 2538 - Searching for corresponding 'imdb_id' for the synopsis: tt3183660
2022-06-04 00:13:34,860 - cineplex_scraper - INFO - 2538 - Searching for corresponding 'imdb_id' for the synopsis: tt2397461
2022-06-04 00:13:35,071 - cineplex_scraper - INFO - 2538 - Searching for corresponding 'imdb_id' for the synopsis: tt2328678
2022-06-04 00:13:35,340 - cineplex_scraper - INFO - 2538 - Searching for corresponding 'imdb_id' for the synopsis: tt12889404
2022-06-04 00:13:35,601 - cineplex_scraper - INFO - 2538 - Searching for corresponding 'imdb_id' for the synopsis: tt7740496
2022-06-04 00:13:35,815 - cineplex_scraper - INFO - 2538 - Searching for corresponding 'imdb_id' for the synopsis: tt6856242
2022-06-04 00:13:36,059 - cineplex_scraper - INFO - 2538 - Searching for corresponding 'imdb_id' for the synopsis: tt11365186
2022-06-04 00:13:36,262 - cineplex_scraper - INFO - 2538 - Searching for corresponding 'imdb_id' for the synopsis: tt5433138
2022-06-04 00:13:36,486 - cineplex_scraper - INFO - 2538 - Searching for corresponding 'imdb_id' for the synopsis: tt10954652
2022-06-04 00:13:36,763 - cineplex_scraper - INFO - 2538 - Searching for corresponding 'imdb_id' for the synopsis: tt10945288
2022-06-04 00:13:36,970 - cineplex_scraper - INFO - 2538 - Searching for corresponding 'imdb_id' for the synopsis: tt8356942
2022-06-04 00:13:37,174 - cineplex_scraper - INFO - 2538 - Searching for corresponding 'imdb_id' for the synopsis: tt14060094
2022-06-04 00:13:37,443 - cineplex_scraper - INFO - 2538 - Searching for corresponding 'imdb_id' for the synopsis: tt11271038
2022-06-04 00:13:37,670 - cineplex_scraper - INFO - 2538 - Searching for corresponding 'imdb_id' for the synopsis: tt2953050
2022-06-04 00:13:37,992 - cineplex_scraper - WARNING - 2538 - A warning message: path wasbs://capstone@andystorage72.blob.core.windows.net/top_synopsis/top_synopsis.parquet already exists.
2022-06-04 00:13:38,181 - cineplex_scraper - INFO - 2538 - Added first data into dataframe
2022-06-04 00:13:39,873 - cineplex_scraper - INFO - 2538 - Moved rentals-list-2022-06-04.parquet to azure 'top_cineplex_rental' blob
