2022-04-23 18:28:05,404 - critics_review - INFO - 2371 - Getting the imdb unique id: tt10872600
2022-04-23 18:28:05,675 - critics_review - INFO - 2371 - Getting the rotten tomatoes top critic url: https://www.rottentomatoes.com/m/spider_man_no_way_home/reviews?type=top_critics
2022-04-23 18:28:10,138 - critics_review - INFO - 2371 - Getting the imdb unique id: tt11466222
2022-04-23 18:28:10,432 - critics_review - INFO - 2371 - Getting the rotten tomatoes top critic url: https://www.rottentomatoes.com/m/jackass_forever/reviews?type=top_critics
2022-04-23 18:28:14,813 - critics_review - INFO - 2371 - Getting the imdb unique id: tt10223460
2022-04-23 18:28:15,426 - critics_review - INFO - 2371 - Getting the rotten tomatoes top critic url: https://www.rottentomatoes.com/m/marry_me_2022/reviews?type=top_critics
2022-04-23 18:28:20,162 - critics_review - INFO - 2371 - Getting the imdb unique id: tt12889404
2022-04-23 18:28:20,568 - critics_review - INFO - 2371 - Getting the rotten tomatoes top critic url: https://www.rottentomatoes.com/m/cyrano/reviews?type=top_critics
2022-04-23 18:28:24,796 - critics_review - INFO - 2371 - Getting the imdb unique id: tt2328678
2022-04-23 18:28:25,071 - critics_review - INFO - 2371 - Getting the rotten tomatoes top critic url: https://www.rottentomatoes.com/m/the_kings_daughter_2022/reviews?type=top_critics
2022-04-23 18:28:29,490 - critics_review - INFO - 2371 - Getting the imdb unique id: tt9907782
2022-04-23 18:28:30,544 - critics_review - INFO - 2371 - Getting the rotten tomatoes top critic url: https://www.rottentomatoes.com/m/1142569-cursed/reviews?type=top_critics
2022-04-23 18:28:34,777 - critics_review - INFO - 2371 - Getting the imdb unique id: tt8633464
2022-04-23 18:28:35,213 - critics_review - INFO - 2371 - Getting the rotten tomatoes top critic url: https://www.rottentomatoes.com/m/after_yang/reviews?type=top_critics
2022-04-23 18:28:39,684 - critics_review - INFO - 2371 - Getting the imdb unique id: tt14060094
2022-04-23 18:28:40,107 - critics_review - INFO - 2371 - Getting the rotten tomatoes top critic url: https://www.rottentomatoes.com/m/blacklight_2022/reviews?type=top_critics
2022-04-23 18:28:44,781 - critics_review - INFO - 2371 - Getting the imdb unique id: tt7740496
2022-04-23 18:28:45,195 - critics_review - INFO - 2371 - Getting the rotten tomatoes top critic url: https://www.rottentomatoes.com/m/nightmare_alley_2021/reviews?type=top_critics
2022-04-23 18:28:50,100 - critics_review - INFO - 2371 - Getting the imdb unique id: tt7657566
2022-04-23 18:28:50,341 - critics_review - INFO - 2371 - Getting the rotten tomatoes top critic url: https://www.rottentomatoes.com/m/death_on_the_nile_2022/reviews?type=top_critics
2022-04-23 18:28:54,977 - critics_review - INFO - 2371 - Getting the imdb unique id: tt4513678
2022-04-23 18:28:55,254 - critics_review - INFO - 2371 - Getting the rotten tomatoes top critic url: https://www.rottentomatoes.com/m/ghostbusters_afterlife/reviews?type=top_critics
2022-04-23 18:28:59,561 - critics_review - INFO - 2371 - Getting the imdb unique id: tt11245972
2022-04-23 18:28:59,774 - critics_review - INFO - 2371 - Getting the rotten tomatoes top critic url: https://www.rottentomatoes.com/m/scream_2022/reviews?type=top_critics
2022-04-23 18:29:04,215 - critics_review - INFO - 2371 - Getting the imdb unique id: tt11214590
2022-04-23 18:29:04,513 - critics_review - INFO - 2371 - Getting the rotten tomatoes top critic url: https://www.rottentomatoes.com/m/house_of_gucci/reviews?type=top_critics
2022-04-23 18:29:08,840 - critics_review - INFO - 2371 - Getting the imdb unique id: tt15374070
2022-04-23 18:29:09,183 - critics_review - INFO - 2371 - Getting the rotten tomatoes top critic url: https://www.rottentomatoes.com/m/studio_666_2022/reviews?type=top_critics
2022-04-23 18:29:13,842 - critics_review - INFO - 2371 - Getting the imdb unique id: tt2397461
2022-04-23 18:29:14,194 - critics_review - INFO - 2371 - Getting the rotten tomatoes top critic url: https://www.rottentomatoes.com/m/clifford_the_big_red_dog/reviews?type=top_critics
2022-04-23 18:29:19,305 - critics_review - INFO - 2371 - Getting the imdb unique id: tt2382320
2022-04-23 18:29:19,665 - critics_review - INFO - 2371 - Getting the rotten tomatoes top critic url: https://www.rottentomatoes.com/m/no_time_to_die_2021/reviews?type=top_critics
2022-04-23 18:29:23,782 - critics_review - INFO - 2371 - Getting the imdb unique id: tt7097896
2022-04-23 18:29:24,022 - critics_review - INFO - 2371 - Getting the rotten tomatoes top critic url: https://www.rottentomatoes.com/m/venom_let_there_be_carnage/reviews?type=top_critics
2022-04-23 18:29:28,347 - critics_review - INFO - 2371 - Getting the imdb unique id: tt11271038
2022-04-23 18:29:28,691 - critics_review - INFO - 2371 - Getting the rotten tomatoes top critic url: https://www.rottentomatoes.com/m/licorice_pizza/reviews?type=top_critics
2022-04-23 18:29:33,489 - critics_review - INFO - 2371 - Getting the imdb unique id: tt12536294
2022-04-23 18:29:33,877 - critics_review - INFO - 2371 - Getting the rotten tomatoes top critic url: https://www.rottentomatoes.com/m/spencer_2021/reviews?type=top_critics
2022-04-23 18:29:38,420 - critics_review - INFO - 2371 - Getting the imdb unique id: tt6920084
2022-04-23 18:29:38,725 - critics_review - INFO - 2371 - Getting the rotten tomatoes top critic url: https://www.rottentomatoes.com/m/resident_evil_welcome_to_raccoon_city/reviews?type=top_critics
2022-04-23 18:29:43,315 - critics_review - INFO - 2371 - Getting the imdb unique id: tt8356942
2022-04-23 18:29:43,595 - critics_review - INFO - 2371 - Getting the rotten tomatoes top critic url: https://www.rottentomatoes.com/m/the_355/reviews?type=top_critics
2022-04-23 18:29:48,314 - critics_review - INFO - 2371 - Getting the imdb unique id: tt0995854
2022-04-23 18:29:48,473 - critics_review - INFO - 2371 - Getting the rotten tomatoes top critic url: https://www.rottentomatoes.com/m/a_journal_for_jordan/reviews?type=top_critics
2022-04-23 18:29:52,921 - critics_review - INFO - 2371 - Getting the imdb unique id: tt9032400
2022-04-23 18:29:53,098 - critics_review - INFO - 2371 - Getting the rotten tomatoes top critic url: https://www.rottentomatoes.com/m/eternals/reviews?type=top_critics
2022-04-23 18:29:57,486 - critics_review - INFO - 2371 - Getting the imdb unique id: tt2953050
2022-04-23 18:29:57,769 - critics_review - INFO - 2371 - Getting the rotten tomatoes top critic url: https://www.rottentomatoes.com/m/encanto_2021/reviews?type=top_critics
2022-04-23 18:30:01,986 - critics_review - INFO - 2371 - Getting the imdb unique id: tt11832046
2022-04-23 18:30:02,388 - critics_review - INFO - 2371 - Getting the rotten tomatoes top critic url: https://www.rottentomatoes.com/m/paw_patrol_the_movie/reviews?type=top_critics
2022-04-23 18:30:06,335 - critics_review - INFO - 2371 - Getting the imdb unique id: tt7740510
2022-04-23 18:30:06,851 - critics_review - INFO - 2371 - Getting the rotten tomatoes top critic url: https://www.rottentomatoes.com/m/antlers/reviews?type=top_critics
2022-04-23 18:30:11,429 - critics_review - INFO - 2371 - Getting the imdb unique id: tt9376612
2022-04-23 18:30:11,721 - critics_review - INFO - 2371 - Getting the rotten tomatoes top critic url: https://www.rottentomatoes.com/m/shang_chi_and_the_legend_of_the_ten_rings/reviews?type=top_critics
2022-04-23 18:30:15,999 - critics_review - INFO - 2371 - Getting the imdb unique id: tt11365186
2022-04-23 18:30:16,210 - critics_review - INFO - 2371 - Getting the rotten tomatoes top critic url: https://www.rottentomatoes.com/m/redeeming_love/reviews?type=top_critics
2022-04-23 18:30:19,970 - critics_review - INFO - 2371 - Getting the imdb unique id: tt3706352
2022-04-23 18:30:20,441 - critics_review - INFO - 2371 - Getting the rotten tomatoes top critic url: https://www.rottentomatoes.com/m/old/reviews?type=top_critics
2022-04-23 18:30:25,285 - critics_review - INFO - 2371 - Getting the imdb unique id: tt8110232
2022-04-23 18:30:25,796 - critics_review - INFO - 2371 - Getting the rotten tomatoes top critic url: https://www.rottentomatoes.com/m/the_many_saints_of_newark/reviews?type=top_critics
2022-04-23 18:30:30,699 - critics_review - INFO - 2371 - Getting the imdb unique id: tt5433138
2022-04-23 18:30:30,699 - critics_review - WARNING - 2371 - A warning message: 'NoneType' object has no attribute 'timeout'
2022-04-23 18:30:30,699 - critics_review - INFO - 2371 - Getting the search rotten tomatoes url for the alternate critic url: https://www.rottentomatoes.com/search?search=F9:%20THE%20FAST%20SAGA
2022-04-23 18:30:33,106 - critics_review - INFO - 2371 - Getting the alternate critic url: https://www.rottentomatoes.com/m/f9/reviews?type=top_critics
2022-04-23 18:30:37,866 - critics_review - INFO - 2371 - Getting the imdb unique id: tt9639470
2022-04-23 18:30:38,332 - critics_review - INFO - 2371 - Getting the rotten tomatoes top critic url: https://www.rottentomatoes.com/m/last_night_in_soho/reviews?type=top_critics
2022-04-23 18:30:43,509 - critics_review - INFO - 2371 - Getting the imdb unique id: tt6467266
2022-04-23 18:30:44,116 - critics_review - INFO - 2371 - Getting the rotten tomatoes top critic url: https://www.rottentomatoes.com/m/sing_2/reviews?type=top_critics
2022-04-23 18:30:48,923 - critics_review - INFO - 2371 - Getting the imdb unique id: tt10838180
2022-04-23 18:30:49,226 - critics_review - INFO - 2371 - Getting the rotten tomatoes top critic url: https://www.rottentomatoes.com/m/the_matrix_resurrections/reviews?type=top_critics
2022-04-23 18:30:53,405 - critics_review - INFO - 2371 - Getting the imdb unique id: tt6856242
2022-04-23 18:30:53,646 - critics_review - INFO - 2371 - Getting the rotten tomatoes top critic url: https://www.rottentomatoes.com/m/the_kings_man/reviews?type=top_critics
2022-04-23 18:30:58,367 - critics_review - INFO - 2371 - Getting the imdb unique id: tt6264654
2022-04-23 18:30:58,656 - critics_review - INFO - 2371 - Getting the rotten tomatoes top critic url: https://www.rottentomatoes.com/m/free_guy/reviews?type=top_critics
2022-04-23 18:31:02,095 - critics_review - INFO - 2371 - Finished retrieving all the top critic review from the top rental movie list
2022-04-23 18:31:03,233 - critics_review - INFO - 2371 - Saved top-critics-2022-04-23.parquet to azure 'top_rotten_tomatoes_critics' blob
